weiXinRecorded/build/intermediates/manifest_merge_blame_file/release/manifest-merger-blame-release-report.txt
1<?xml version="1.0" encoding="utf-8"?>
2<manifest xmlns:android="http://schemas.android.com/apk/res/android"
3    package="com.zhaoss.weixinrecorded"
4    android:versionCode="1"
5    android:versionName="1.0" >
6
7    <uses-sdk
8        android:minSdkVersion="22"
8-->src\main\AndroidManifest.xml
9        android:targetSdkVersion="28" />
9-->src\main\AndroidManifest.xml
10
11    <uses-permission android:name="android.permission.CAMERA" />
11-->src\main\AndroidManifest.xml:4:5-65
11-->src\main\AndroidManifest.xml:4:22-62
12    <uses-permission android:name="android.permission.RECORD_AUDIO" />
12-->src\main\AndroidManifest.xml:5:5-71
12-->src\main\AndroidManifest.xml:5:22-68
13    <uses-permission android:name="android.permission.WRITE_EXTERNAL_STORAGE" />
13-->src\main\AndroidManifest.xml:6:5-81
13-->src\main\AndroidManifest.xml:6:22-78
14
15    <application
15-->src\main\AndroidManifest.xml:8:5-34:19
16        android:allowBackup="true"
16-->src\main\AndroidManifest.xml:9:9-35
17        android:supportsRtl="true" >
17-->src\main\AndroidManifest.xml:10:9-35
18        <activity
18-->src\main\AndroidManifest.xml:12:9-14:15
19            android:name="com.zhaoss.weixinrecorded.activity.RecordedActivity"
19-->src\main\AndroidManifest.xml:12:19-60
20            android:screenOrientation="portrait" />
20-->src\main\AndroidManifest.xml:13:13-49
21        <activity
21-->src\main\AndroidManifest.xml:15:9-17:15
22            android:name="com.zhaoss.weixinrecorded.activity.RecordedLocalActivity"
22-->src\main\AndroidManifest.xml:15:19-65
23            android:screenOrientation="portrait" />
23-->src\main\AndroidManifest.xml:16:13-49
24        <activity
24-->src\main\AndroidManifest.xml:18:9-21:15
25            android:name="com.zhaoss.weixinrecorded.activity.EditVideoActivity"
25-->src\main\AndroidManifest.xml:18:19-61
26            android:screenOrientation="portrait"
26-->src\main\AndroidManifest.xml:20:13-49
27            android:windowSoftInputMode="adjustResize|adjustPan" />
27-->src\main\AndroidManifest.xml:19:13-65
28        <activity
28-->src\main\AndroidManifest.xml:22:9-24:15
29            android:name="com.zhaoss.weixinrecorded.activity.CutSizeActivity"
29-->src\main\AndroidManifest.xml:22:19-59
30            android:screenOrientation="portrait" />
30-->src\main\AndroidManifest.xml:23:13-49
31        <activity
31-->src\main\AndroidManifest.xml:25:9-27:15
32            android:name="com.zhaoss.weixinrecorded.activity.CutTimeActivity"
32-->src\main\AndroidManifest.xml:25:19-59
33            android:screenOrientation="portrait" />
33-->src\main\AndroidManifest.xml:26:13-49
34        <activity
34-->src\main\AndroidManifest.xml:28:9-29:51
35            android:name="com.zhaoss.weixinrecorded.activity.ImageShowActivity"
35-->src\main\AndroidManifest.xml:28:19-61
36            android:screenOrientation="portrait" />
36-->src\main\AndroidManifest.xml:29:13-49
37        <activity
37-->src\main\AndroidManifest.xml:31:9-32:51
38            android:name="com.zhaoss.weixinrecorded.activity.VideoPreviewActivity"
38-->src\main\AndroidManifest.xml:31:19-64
39            android:screenOrientation="portrait" />
39-->src\main\AndroidManifest.xml:32:13-49
40    </application>
41
42</manifest>